{
  "stats": {
    "suites": 1,
    "tests": 1,
    "passes": 1,
    "pending": 0,
    "failures": 0,
    "start": "2020-04-09T06:33:54.069Z",
    "end": "2020-04-09T06:34:22.937Z",
    "duration": 28868,
    "testsRegistered": 1,
    "passPercent": 100,
    "pendingPercent": 0,
    "other": 0,
    "hasOther": false,
    "skipped": 0,
    "hasSkipped": false
  },
  "results": [
    {
      "uuid": "212be636-1244-4f10-9b36-0068124e51e9",
      "title": "",
      "fullFile": "cypress\\integration\\happyPath\\MEMMeetingFullTest.js",
      "file": "cypress\\integration\\happyPath\\MEMMeetingFullTest.js",
      "beforeHooks": [],
      "afterHooks": [],
      "tests": [],
      "suites": [
        {
          "uuid": "13e49df8-1959-4c95-a347-d452d1c60649",
          "title": "Create Meeting Test Suite",
          "fullFile": "",
          "file": "",
          "beforeHooks": [],
          "afterHooks": [],
          "tests": [
            {
              "title": "Notice circulate as Meeting Creator TC",
              "fullTitle": "Create Meeting Test Suite Notice circulate as Meeting Creator TC",
              "timedOut": null,
              "duration": 27256,
              "state": "passed",
              "speed": "slow",
              "pass": true,
              "fail": false,
              "pending": false,
              "context": null,
              "code": "//Login \ncy.login(this.data.userName, this.data.password);\ncy.wait(3000); //goto MEM\ndashboardPage.getMEMAvatar().click();\ncy.wait(3000); //mem-list তালিকা \nmeetingListPage.getListNavLink().click();\ncy.wait(5000);\ncy.selectMeetingFromList(this.data.meetingName); //cy.get('tbody > :nth-child(1) > .cdk-column-meetingTitle').click()\ncy.wait(2000);\nmeetingDetailsPage.getActionButton().click();\ncy.wait(1000);\nmeetingDetailsPage.getNoticeCirculate().click();\ncy.wait(5000); //Move to dashboard \ncy.GRPDashboard();\ncy.wait(1000); //Logout \ncy.logout();",
              "err": {},
              "uuid": "643738d4-7907-4c36-88fe-8e9497da8435",
              "parentUUID": "13e49df8-1959-4c95-a347-d452d1c60649",
              "isHook": false,
              "skipped": false
            }
          ],
          "suites": [],
          "passes": [
            "643738d4-7907-4c36-88fe-8e9497da8435"
          ],
          "failures": [],
          "pending": [],
          "skipped": [],
          "duration": 27256,
          "root": false,
          "rootEmpty": false,
          "_timeout": 2000
        }
      ],
      "passes": [],
      "failures": [],
      "pending": [],
      "skipped": [],
      "duration": 0,
      "root": true,
      "rootEmpty": true,
      "_timeout": 2000
    }
  ],
  "meta": {
    "mocha": {
      "version": "7.1.0"
    },
    "mochawesome": {
      "options": {
        "quiet": false,
        "reportFilename": "mochawesome",
        "saveHtml": true,
        "saveJson": true,
        "consoleReporter": "spec",
        "useInlineDiffs": false,
        "code": true
      },
      "version": "5.0.0"
    },
    "marge": {
      "options": {},
      "version": "4.1.0"
    }
  }
}