{
  "stats": {
    "suites": 1,
    "tests": 9,
    "passes": 9,
    "pending": 0,
    "failures": 0,
    "start": "2020-04-19T06:12:43.796Z",
    "end": "2020-04-19T06:22:35.994Z",
    "duration": 592198,
    "testsRegistered": 9,
    "passPercent": 100,
    "pendingPercent": 0,
    "other": 0,
    "hasOther": false,
    "skipped": 0,
    "hasSkipped": false
  },
  "results": [
    {
      "uuid": "5b0df4a9-99ad-44f3-a22a-66b48b83ac5a",
      "title": "",
      "fullFile": "cypress\\integration\\happyPath\\MEMMeetingFullTest.js",
      "file": "cypress\\integration\\happyPath\\MEMMeetingFullTest.js",
      "beforeHooks": [],
      "afterHooks": [],
      "tests": [],
      "suites": [
        {
          "uuid": "8edc0df1-a365-4e21-b7d5-3c260469cf53",
          "title": "Create Meeting Test Suite",
          "fullFile": "",
          "file": "",
          "beforeHooks": [],
          "afterHooks": [],
          "tests": [
            {
              "title": "Create Meeting and Notice Generate TC",
              "fullTitle": "Create Meeting Test Suite Create Meeting and Notice Generate TC",
              "timedOut": null,
              "duration": 138993,
              "state": "passed",
              "speed": "slow",
              "pass": true,
              "fail": false,
              "pending": false,
              "context": null,
              "code": "//Login \ncy.login(this.data.userName, this.data.password);\ncy.wait(3000);\n//goto MEM\ndashboardPage.getMEMAvatar().click();\ncy.wait(2000);\n//mem-list তালিকা page\nmeetingListPage.getListNavLink().click();\ncy.wait(3000);\n//create-meeting\nmeetingListPage.getCreateNewButton().click();\ncy.wait(1000);\n//goto-basic-info\ncreateNewMeetingPage.getBasicInfoTab().contains(this.data.basicInfoTab).click();\ncy.wait(1000);\n//entry-basic-info\ncreateNewMeetingPage.getMeetingTitleField().click().type(this.data.meetingName);\ncy.wait(1000);\ncreateNewMeetingPage.getReferenceNoField().click().type(this.data.referenceNo);\ncy.wait(1000);\ncreateNewMeetingPage.getMeetingTypeField().click();\ncreateNewMeetingPage.getMeetingDropDownItem().contains(this.data.meetingType).click();\ncy.wait(1000);\ncreateNewMeetingPage.getMeetingRoomField().click();\ncreateNewMeetingPage.getMeetingDropDownItem().contains(this.data.meetingRoom).click();\ncy.wait(1000);\ncreateNewMeetingPage.getMeetingDateCalendar().click();\ncreateNewMeetingPage.getMeetingCalendarYearView().click();\ncreateNewMeetingPage.getMeetingYear().contains(this.data.meetingYear).click();\ncreateNewMeetingPage.getMeetingMonth().contains(this.data.meetingMonth).click();\ncreateNewMeetingPage.getMeetingDate().contains(this.data.meetingDay).click();\ncy.wait(1000);\ncreateNewMeetingPage.getMeetingStartTimeField().click();\ncreateNewMeetingPage.getMeetingStartTimeHour().contains(this.data.startTimeHour).click();\ncy.wait(2000);\ncreateNewMeetingPage.getMeetingStartTimeMinute().contains(this.data.startTimeMinute).click({ force: true });\ncreateNewMeetingPage.getMeetingStartTimeAMPM().contains(this.data.startTimeAmpm).click();\ncreateNewMeetingPage.getMeetingStartOKButton().contains('Ok').click();\ncy.wait(1000);\ncreateNewMeetingPage.getMeetingEndTimeField().click();\ncreateNewMeetingPage.getMeetingEndTimeHour().contains(this.data.endTimeHour).click();\ncy.wait(3000);\ncreateNewMeetingPage.getMeetingEndTimeMinute().contains(this.data.endTimeMinute).click({ force: true });\ncreateNewMeetingPage.getMeetingEndTimeAMPM().contains(this.data.endTimeAmpm).click();\ncreateNewMeetingPage.getMeetingEndOKButton().contains('Ok').click();\ncy.wait(1000);\n//goto key personnel\ncreateNewMeetingPage.getKeyPersonTab().contains(this.data.keyPersonTab).click();\ncy.wait(1000);\n//entry key personnel data\ncreateNewMeetingPage.getMemberSecretaryField().click().type(this.data.memberSecretaryName);\ncreateNewMeetingPage.getMemberSecretaryDropDownItem().contains(this.data.memberSecretaryWithDesignation).click();\ncy.wait(1000);\ncreateNewMeetingPage.getChairpersonType().contains(this.data.chairpersonType).click();\ncreateNewMeetingPage.getChairpersonField().click().type(this.data.chairpersonName);\ncreateNewMeetingPage.getChairpersonDropDownItem().contains(this.data.chairpersonWithDesignation).click();\ncy.wait(1000);\ncreateNewMeetingPage.getChiefGuestType().contains(this.data.chiefGuestType).click();\ncreateNewMeetingPage.getChiefGuestField().click().type(this.data.chiefGuestName);\ncreateNewMeetingPage.getChiefGuestDropDownItem().contains(this.data.chiefGuestWithDesignation).click();\ncy.wait(1000);\n//goto agenda tab\ncreateNewMeetingPage.getAgendaTab().contains(this.data.agendaTab).click();\ncy.wait(1000);\n//entry agenda\nthis.data.agendaList.forEach(function (element) {\n    cy.addAgenda(element);\n});\n//goto Attachment Tab সংযুক্তি\ncreateNewMeetingPage.getAttachmentTab().contains(this.data.attachmentTab).click();\ncy.wait(3000);\n//entry attachment \ncreateNewMeetingPage.getAddAttachmentButton().click();\ncy.wait(1000);\nvar fileName = 'TestFile.pdf';\ncy.fixture(fileName).then(function (fileContent) {\n    createNewMeetingPage.getAttachmentUploadButton().upload({ fileContent: fileContent, fileName: fileName, mimeType: 'application/json' });\n});\ncy.wait(1000);\ncreateNewMeetingPage.getAttachmentSubmitButton().click();\ncy.wait(2000);\ncreateNewMeetingPage.getSaveMeetingButton().click(); //Save the meeting\ncy.wait(5000);\n//goto-attendee\nmeetingDetailsPage.getAttendeeTab().contains(this.data.attendeeTab).click();\ncy.wait(2000);\n//entry attendee\nmeetingDetailsPage.getAddAttendeeButton().click(); //সদস্য যোগ করুন button\ncy.wait(4000);\nmeetingDetailsPage.getAttendeeTypeTab().contains(this.data.attendeeTypeTab1).click(); //Attendee tabs\nmeetingDetailsPage.getAttendeeFilterButton().click(); //Filter icon on pop-over page\ncy.wait(1000);\nmeetingDetailsPage.getAttendeeOfficeFilterField().click(); // Office filter field (অফিস বাছাই করুন)\nmeetingDetailsPage.getAttendeeOfficeDropDownItems().contains(this.data.attendeeOffice).click();\ncy.wait(2000);\nmeetingDetailsPage.getAttendeeDepartmentField().click(); // Department field বিভাগ \nmeetingDetailsPage.getAttendeeDepartmentDropDownItems().contains(this.data.attendeeDepartment).click();\ncy.wait(2000);\nmeetingDetailsPage.getAttendeeSearchButton().click(); // Search button\ncy.wait(2000);\nmeetingDetailsPage.getAttendeeFilterButton().click(); //Filter icon\ncy.wait(1000);\nmeetingDetailsPage.getAllAttendeeCheckbox().click(); //Select attendee from the search result page\ncy.wait(2000);\nmeetingDetailsPage.getAttendeeSubmitButton().click(); // সদস্য হিসেবে অন্তর্ভুক্ত করুন button\ncy.wait(4000);\nmeetingDetailsPage.getCommentButton().click(); // Comment button মন্তব্য plus icon\ncy.wait(1000);\nmeetingDetailsPage.getEntryCommentField().type(this.data.Comment).should('have.value', this.data.Comment);\nmeetingDetailsPage.getSubmitCommentButton().click(); //Submit Comment from the (মন্তব্য যোগ করুন) pop-op \ncy.wait(3500);\nmeetingDetailsPage.getEditButton().click(); // সম্পাদনা করুন button\ncy.wait(2000);\nmeetingDetailsPage.getAcknowledgementCheckbox().click(); // অবগতি\ncy.wait(1500);\nmeetingDetailsPage.getNameInclusionCheckbox().click(); // নাম অন্তর্ভুক্তি\ncy.wait(1500);\nmeetingDetailsPage.getSignatoryCheckbox().click(); // কার্যবিবরণী সাক্ষরকারী\ncy.wait(1500);\nmeetingDetailsPage.getWorkingPaperCheckbox().click(); // কার্যপত্র\ncy.wait(1500);\nmeetingDetailsPage.getSaveButton().click(); //  সংরক্ষণ করুন\ncy.wait(3000);\n//generate-notice \nmeetingDetailsPage.getActionButton().click(); //অ্যাকশনসমূহ\ncy.wait(1500);\ngenerateNotice.getMakeNoticeIcon().click(); // নোটিশ তৈরি করুন\ncy.wait(4000);\ngenerateNotice.getTamplateField().click(); // টেমপ্লেট বাছাই করুন\ngenerateNotice.getTamplateDropDown().contains(this.data.noticeTemplate).click(); //Select tamplate\ncy.wait(2000);\ngenerateNotice.getTamplateSubmitButton().click();\ncy.wait(6000);\ngenerateNotice.getTamplateSendToApproveButton().click();\ncy.wait(7000);\n//Move to dashboard \ncy.GRPDashboard();\ncy.wait(1000);\n//Logout \ncy.logout();",
              "err": {},
              "uuid": "feb79ed1-daae-427d-b9ae-9c0f76ba8031",
              "parentUUID": "8edc0df1-a365-4e21-b7d5-3c260469cf53",
              "isHook": false,
              "skipped": false
            },
            {
              "title": "Approve Notice as member Secretary TC",
              "fullTitle": "Create Meeting Test Suite Approve Notice as member Secretary TC",
              "timedOut": null,
              "duration": 26072,
              "state": "passed",
              "speed": "slow",
              "pass": true,
              "fail": false,
              "pending": false,
              "context": null,
              "code": "//Login \ncy.login(this.data.memberSecretaryUserName, this.data.memberSecretaryPassword);\ncy.wait(3000);\n//goto MEM\ndashboardPage.getMEMAvatar().click();\ncy.wait(3000);\nmeetingTodosPage.getTodosLink().click();\ncy.wait(3000);\nmeetingTodosPage.getNoticeLink().click(); //নোটিশ tab\ncy.wait(2000);\ncy.selectMeetingFromTodos(this.data.meetingName);\ncy.wait(3000);\nmeetingTodosPage.getCommentField().click().type(this.data.approveComment);\ncy.wait(1000);\nmeetingTodosPage.getYesButton().click();\ncy.wait(5000);\n//Move to dashboard \ncy.GRPDashboard();\ncy.wait(1000);\n//Logout \ncy.logout();",
              "err": {},
              "uuid": "70d41fa8-c002-4d4b-ace9-58c961f65c66",
              "parentUUID": "8edc0df1-a365-4e21-b7d5-3c260469cf53",
              "isHook": false,
              "skipped": false
            },
            {
              "title": "Notice circulate as Meeting Creator TC",
              "fullTitle": "Create Meeting Test Suite Notice circulate as Meeting Creator TC",
              "timedOut": null,
              "duration": 24921,
              "state": "passed",
              "speed": "slow",
              "pass": true,
              "fail": false,
              "pending": false,
              "context": null,
              "code": "//Login \ncy.login(this.data.userName, this.data.password);\ncy.wait(3000);\n//goto MEM\ndashboardPage.getMEMAvatar().click();\ncy.wait(3000);\n//mem-list তালিকা \nmeetingListPage.getListNavLink().click();\ncy.wait(5000);\ncy.selectMeetingFromList(this.data.meetingName);\n//cy.get('tbody > :nth-child(1) > .cdk-column-meetingTitle').click()\ncy.wait(2000);\nmeetingDetailsPage.getActionButton().click();\ncy.wait(1000);\nmeetingDetailsPage.getNoticeCirculate().click();\ncy.wait(5000);\n//Move to dashboard \ncy.GRPDashboard();\ncy.wait(1000);\n//Logout \ncy.logout();",
              "err": {},
              "uuid": "fa18bfb0-1285-41d5-a441-d9444f78ca05",
              "parentUUID": "8edc0df1-a365-4e21-b7d5-3c260469cf53",
              "isHook": false,
              "skipped": false
            },
            {
              "title": "Confirm attend the meeting as a participant One TC",
              "fullTitle": "Create Meeting Test Suite Confirm attend the meeting as a participant One TC",
              "timedOut": null,
              "duration": 18937,
              "state": "passed",
              "speed": "slow",
              "pass": true,
              "fail": false,
              "pending": false,
              "context": null,
              "code": "//Login \ncy.login(this.data.secretaryUserName, this.data.secretaryPassword);\ncy.wait(3000);\n//goto MEM\ndashboardPage.getMEMAvatar().click();\ncy.wait(2000);\n//Todos list করণীয়​ \nmeetingTodosPage.getTodosLink().click();\ncy.wait(2000);\nmeetingTodosPage.getRespondTab().click();\ncy.selectMeetingFromRespond(this.data.meetingName);\ncy.wait(1000);\nmeetingTodosPage.getYesButton().click();\ncy.wait(5000);\n//Move to dashboard \ncy.GRPDashboard();\ncy.wait(1000);\n//Logout \ncy.logout();",
              "err": {},
              "uuid": "55baf9b3-b09a-4dfb-b858-462bda6e3969",
              "parentUUID": "8edc0df1-a365-4e21-b7d5-3c260469cf53",
              "isHook": false,
              "skipped": false
            },
            {
              "title": "Confirm attend the meeting as a participant Two TC",
              "fullTitle": "Create Meeting Test Suite Confirm attend the meeting as a participant Two TC",
              "timedOut": null,
              "duration": 18708,
              "state": "passed",
              "speed": "slow",
              "pass": true,
              "fail": false,
              "pending": false,
              "context": null,
              "code": "//Login \ncy.login(this.data.memberSecretaryUserName, this.data.memberSecretaryPassword);\ncy.wait(3000);\n//goto MEM\ndashboardPage.getMEMAvatar().click();\ncy.wait(2000);\n//Todos list করণীয়​ \nmeetingTodosPage.getTodosLink().click();\ncy.wait(2000);\nmeetingTodosPage.getRespondTab().click();\ncy.selectMeetingFromRespond(this.data.meetingName);\ncy.wait(1000);\nmeetingTodosPage.getYesButton().click();\ncy.wait(5000);\n//Move to dashboard \ncy.GRPDashboard();\ncy.wait(1000);\n//Logout \ncy.logout();",
              "err": {},
              "uuid": "44c13904-0f24-424b-8244-3d44dce3ea2c",
              "parentUUID": "8edc0df1-a365-4e21-b7d5-3c260469cf53",
              "isHook": false,
              "skipped": false
            },
            {
              "title": "Present on meeting, honorarium and agenda followup TC",
              "fullTitle": "Create Meeting Test Suite Present on meeting, honorarium and agenda followup TC",
              "timedOut": null,
              "duration": 269346,
              "state": "passed",
              "speed": "slow",
              "pass": true,
              "fail": false,
              "pending": false,
              "context": null,
              "code": "//Login \ncy.login(this.data.userName, this.data.password);\ncy.wait(3000);\n//goto MEM\ndashboardPage.getMEMAvatar().click();\ncy.wait(3000);\n//mem-list তালিকা \nmeetingListPage.getListNavLink().click();\ncy.wait(5000);\nmeetingListPage.getSearchField().click().type(this.data.meetingName);\nmeetingListPage.getSearchMagnifierIcon().click();\ncy.wait(1000);\ncy.selectMeetingFromList(this.data.meetingName);\n//cy.get(':nth-child(2) > .cdk-column-meetingTitle').click()\ncy.wait(2000);\nmeetingDetailsPage.getAttendeeTab().contains(this.data.attendeeTab).click();\ncy.wait(3000);\nmeetingDetailsPage.getActionButton().click();\ncy.wait(1000);\nmeetingDetailsPage.getPresentIcon().click();\ncy.wait(2000);\nmeetingDetailsPage.getPresenceToggle().click();\ncy.wait(2000);\ncy.selectAbsenceAttendee(this.data.absenceAttendee);\ncy.wait(1000);\nmeetingDetailsPage.getDefaultHonorariumField().click().type(this.data.defaultHonorarium);\ncy.wait(1000);\n/*  this.data.differentHonorarium.forEach(function(element)\n  {\n    cy.selectDifferentHonorariumAttendee(element)\n  });\n\n  //meetingDetailsPage.getPageHeader().click()\n*/\nmeetingDetailsPage.getHonorariumField().type('{del}{selectall}{backspace}').type(this.data.differentHonorariumAttendeeAmount);\ncy.wait(3000);\nmeetingDetailsPage.getHonorariumSaveButton().click();\ncy.wait(3000);\nmeetingDetailsPage.getHonorariumCloseButton().click();\n//Document sheet নথি পত্র\nmeetingDetailsPage.getDocumentSheetTab().contains(this.data.documentSheetTab).click();\ncy.wait(1500);\nmeetingDetailsPage.getDocumentSheetRows().contains(this.data.meetingNotesRow).click();\ncy.wait(2000);\ncy.addMeetingNote(this.data.agenda1, this.data.spicker1, this.data.note1);\ncy.wait(2000);\ncy.addMeetingNote(this.data.agenda2, this.data.spicker2, this.data.note2);\ncy.wait(2000);\ncy.addMeetingNote(this.data.agenda3, this.data.spicker3, this.data.note3);\nmeetingDetailsPage.getcollapseButton().contains(this.data.meetingNotesRow).click();\ncy.wait(3000);\n//agenda-followup (resolution) কার্যবিবরণী \n//meetingDetailsPage.getDocumentSheetTab().contains(this.data.documentSheetTab).click()\nmeetingDetailsPage.getResolutionRow().click();\ncy.wait(2000);\ncy.addMeetingResolution(this.data.agenda1, this.data.discussion1, this.data.decision1);\ncy.wait(2000);\n//cy.addMeetingResolution(this.data.agenda2, this.data.discussion2, this.data.decision2)\n//cy.wait(2000)\ncy.addMeetingResolution(this.data.agenda7, this.data.discussion3, this.data.decision3);\ncy.wait(2000);\ncy.addMeetingResolution(this.data.agenda7, this.data.discussion4, this.data.decision4);\ncy.wait(2000);\ncy.addMeetingResolution(this.data.agenda7, this.data.discussion5, this.data.decision5);\ncy.wait(2000);\ncy.addMeetingResolution(this.data.agenda7, this.data.discussion6, this.data.decision6);\ncy.wait(2000);\ncy.addMeetingResolution(this.data.agenda7, this.data.discussion7, this.data.decision7);\ncy.wait(2000);\ncy.addMeetingResolution(this.data.agenda7, this.data.discussion8, this.data.decision8);\ncy.wait(2000);\ncy.addMeetingResolution(this.data.agenda7, this.data.discussion9, this.data.decision9);\ncy.wait(2000);\ncy.addMeetingResolution(this.data.agenda7, this.data.discussion10, this.data.decision10);\ncy.wait(2000);\ncy.addMeetingResolution(this.data.agenda7, this.data.discussion11, this.data.decision11);\ncy.wait(2000);\nmeetingDetailsPage.getcollapseButton().contains(this.data.resolution).click();\ncy.wait(5000);\n//Move to dashboard \ncy.GRPDashboard();\ncy.wait(1000);\n//Logout \ncy.logout();",
              "err": {},
              "uuid": "1ef245d4-d6f6-471d-a6ce-3e36da34c516",
              "parentUUID": "8edc0df1-a365-4e21-b7d5-3c260469cf53",
              "isHook": false,
              "skipped": false
            },
            {
              "title": "Working Paper Preparation TC",
              "fullTitle": "Create Meeting Test Suite Working Paper Preparation TC",
              "timedOut": null,
              "duration": 37307,
              "state": "passed",
              "speed": "slow",
              "pass": true,
              "fail": false,
              "pending": false,
              "context": null,
              "code": "//Login \ncy.login(this.data.userName, this.data.password);\ncy.wait(3000);\n//goto MEM\ndashboardPage.getMEMAvatar().click();\ncy.wait(2000);\n//mem-list তালিকা \nmeetingListPage.getListNavLink().click();\ncy.wait(6000);\nmeetingListPage.getSearchField().click().type(this.data.meetingName);\nmeetingListPage.getSearchMagnifierIcon().click();\ncy.wait(1000);\ncy.selectMeetingFromList(this.data.meetingName);\ncy.wait(2000);\n//cy.get(':nth-child(2) > .cdk-column-meetingTitle').click()\nmeetingDetailsPage.getActionButton().click();\ncy.wait(1000);\nmeetingDetailsPage.getWorkingPaperIcon().click();\ncy.wait(2000);\nmeetingDetailsPage.getWorkingPaperTemplateField().click();\nmeetingDetailsPage.getSelectDropDownItems().contains(this.data.workingPaperTemplate).click();\ncy.wait(1000);\nmeetingDetailsPage.getWorkingPaperReferenceNoField().click().type(this.data.referenceNo);\nmeetingDetailsPage.getWorkingPaperSaveButton().click();\ncy.wait(5000);\nmeetingDetailsPage.getWorkingPaperApprovalButton().click();\ncy.wait(5000);\n//Move to dashboard \ncy.GRPDashboard();\ncy.wait(1000);\n//Logout \ncy.logout();",
              "err": {},
              "uuid": "9cd91798-d8c0-45f5-bf21-44b9f99f2d70",
              "parentUUID": "8edc0df1-a365-4e21-b7d5-3c260469cf53",
              "isHook": false,
              "skipped": false
            },
            {
              "title": "Approve working paper by member Secretary TC",
              "fullTitle": "Create Meeting Test Suite Approve working paper by member Secretary TC",
              "timedOut": null,
              "duration": 23496,
              "state": "passed",
              "speed": "slow",
              "pass": true,
              "fail": false,
              "pending": false,
              "context": null,
              "code": "//Login \ncy.login(this.data.memberSecretaryUserName, this.data.memberSecretaryPassword);\ncy.wait(3000);\n//goto MEM\ndashboardPage.getMEMAvatar().click();\ncy.wait(3000);\nmeetingTodosPage.getTodosLink().click();\ncy.wait(2000);\nmeetingTodosPage.getWorkingPaperink().click(); //নোটিশ tab\ncy.wait(1500);\ncy.selectMeetingFromTodos(this.data.meetingName);\ncy.wait(3000);\nmeetingTodosPage.getWorkingPaperCommentField().click().type(this.data.workingPaperComment);\nmeetingTodosPage.getYesButton().click();\ncy.wait(5000);\n//Move to dashboard \ncy.GRPDashboard();\ncy.wait(1000);\n//Logout \ncy.logout();",
              "err": {},
              "uuid": "c4059775-f3c7-47ef-bd64-4de40fc77ffa",
              "parentUUID": "8edc0df1-a365-4e21-b7d5-3c260469cf53",
              "isHook": false,
              "skipped": false
            },
            {
              "title": "Circulate Working paper by meeting Creator TC",
              "fullTitle": "Create Meeting Test Suite Circulate Working paper by meeting Creator TC",
              "timedOut": null,
              "duration": 32045,
              "state": "passed",
              "speed": "slow",
              "pass": true,
              "fail": false,
              "pending": false,
              "context": null,
              "code": "//Login \ncy.login(this.data.userName, this.data.password);\ncy.wait(3000);\n//goto MEM\ndashboardPage.getMEMAvatar().click();\ncy.wait(3000);\n//mem-list তালিকা \nmeetingListPage.getListNavLink().click();\ncy.wait(6000);\nmeetingListPage.getSearchField().click().type(this.data.meetingName);\nmeetingListPage.getSearchMagnifierIcon().click();\ncy.wait(1000);\ncy.selectMeetingFromList(this.data.meetingName);\ncy.wait(2000);\nmeetingDetailsPage.getActionButton().click();\nmeetingDetailsPage.getWorkingPaperCirculateIcon().click();\ncy.wait(4000);\nmeetingDetailsPage.getActivityTab().contains(this.data.activityTab).click();\ncy.wait(5000);\n//Move to dashboard \ncy.GRPDashboard();\ncy.wait(1000);\n//Logout \ncy.logout();",
              "err": {},
              "uuid": "e8e75d67-e930-4a93-a226-4dcd4a6bae82",
              "parentUUID": "8edc0df1-a365-4e21-b7d5-3c260469cf53",
              "isHook": false,
              "skipped": false
            }
          ],
          "suites": [],
          "passes": [
            "feb79ed1-daae-427d-b9ae-9c0f76ba8031",
            "70d41fa8-c002-4d4b-ace9-58c961f65c66",
            "fa18bfb0-1285-41d5-a441-d9444f78ca05",
            "55baf9b3-b09a-4dfb-b858-462bda6e3969",
            "44c13904-0f24-424b-8244-3d44dce3ea2c",
            "1ef245d4-d6f6-471d-a6ce-3e36da34c516",
            "9cd91798-d8c0-45f5-bf21-44b9f99f2d70",
            "c4059775-f3c7-47ef-bd64-4de40fc77ffa",
            "e8e75d67-e930-4a93-a226-4dcd4a6bae82"
          ],
          "failures": [],
          "pending": [],
          "skipped": [],
          "duration": 589825,
          "root": false,
          "rootEmpty": false,
          "_timeout": 2000
        }
      ],
      "passes": [],
      "failures": [],
      "pending": [],
      "skipped": [],
      "duration": 0,
      "root": true,
      "rootEmpty": true,
      "_timeout": 2000
    }
  ],
  "meta": {
    "mocha": {
      "version": "7.1.0"
    },
    "mochawesome": {
      "options": {
        "quiet": false,
        "reportFilename": "mochawesome",
        "saveHtml": true,
        "saveJson": true,
        "consoleReporter": "spec",
        "useInlineDiffs": false,
        "code": true
      },
      "version": "5.0.0"
    },
    "marge": {
      "options": {},
      "version": "4.1.0"
    }
  }
}